unityLibrary/build/intermediates/manifest_merge_blame_file/debug/manifest-merger-blame-debug-report.txt
1<?xml version="1.0" encoding="utf-8"?>
2<manifest xmlns:android="http://schemas.android.com/apk/res/android"
3    xmlns:tools="http://schemas.android.com/tools"
4    package="com.unity3d.player" >
5
6    <uses-sdk
7        android:minSdkVersion="24"
7-->src\main\AndroidManifest.xml
8        android:targetSdkVersion="30" />
8-->src\main\AndroidManifest.xml
9
10    <uses-feature android:glEsVersion="0x00030000" />
10-->src\main\AndroidManifest.xml:22:3-52
10-->src\main\AndroidManifest.xml:22:17-49
11
12    <uses-permission android:name="android.permission.INTERNET" />
12-->src\main\AndroidManifest.xml:23:3-65
12-->src\main\AndroidManifest.xml:23:20-62
13
14    <uses-feature
14-->src\main\AndroidManifest.xml:24:3-88
15        android:name="android.hardware.touchscreen"
15-->src\main\AndroidManifest.xml:24:17-60
16        android:required="false" />
16-->src\main\AndroidManifest.xml:24:61-85
17
18    <uses-permission android:name="android.permission.CAMERA" />
18-->src\main\AndroidManifest.xml:25:3-63
18-->src\main\AndroidManifest.xml:25:20-60
19
20    <uses-feature
20-->src\main\AndroidManifest.xml:26:3-85
21        android:name="android.hardware.camera.ar"
21-->src\main\AndroidManifest.xml:26:17-58
22        android:required="true" />
22-->src\main\AndroidManifest.xml:26:59-82
23    <uses-feature
23-->src\main\AndroidManifest.xml:27:3-83
24        android:name="com.google.ar.core.depth"
24-->src\main\AndroidManifest.xml:27:17-56
25        android:required="true" />
25-->src\main\AndroidManifest.xml:27:57-80
26
27    <application android:extractNativeLibs="true" >
27-->src\main\AndroidManifest.xml:3:3-21:17
27-->src\main\AndroidManifest.xml:3:16-48
28        <activity
28-->src\main\AndroidManifest.xml:4:5-13:16
29            android:name="com.unity3d.player.UnityPlayerActivity"
29-->src\main\AndroidManifest.xml:4:15-68
30            android:configChanges="mcc|mnc|locale|touchscreen|keyboard|keyboardHidden|navigation|orientation|screenLayout|uiMode|screenSize|smallestScreenSize|fontScale|layoutDirection|density"
30-->src\main\AndroidManifest.xml:8:9-190
31            android:hardwareAccelerated="false"
31-->src\main\AndroidManifest.xml:10:9-44
32            android:launchMode="singleTask"
32-->src\main\AndroidManifest.xml:7:9-40
33            android:resizeableActivity="false"
33-->src\main\AndroidManifest.xml:9:9-43
34            android:screenOrientation="fullUser"
34-->src\main\AndroidManifest.xml:6:9-45
35            android:theme="@style/UnityThemeSelector" >
35-->src\main\AndroidManifest.xml:5:9-50
36            <meta-data
36-->src\main\AndroidManifest.xml:11:7-82
37                android:name="unityplayer.UnityActivity"
37-->src\main\AndroidManifest.xml:11:18-58
38                android:value="true" />
38-->src\main\AndroidManifest.xml:11:59-79
39            <meta-data
39-->src\main\AndroidManifest.xml:12:7-78
40                android:name="android.notch_support"
40-->src\main\AndroidManifest.xml:12:18-54
41                android:value="true" />
41-->src\main\AndroidManifest.xml:12:55-75
42        </activity>
43
44        <meta-data
44-->src\main\AndroidManifest.xml:14:5-69
45            android:name="unity.splash-mode"
45-->src\main\AndroidManifest.xml:14:16-48
46            android:value="0" />
46-->src\main\AndroidManifest.xml:14:49-66
47        <meta-data
47-->src\main\AndroidManifest.xml:15:5-74
48            android:name="unity.splash-enable"
48-->src\main\AndroidManifest.xml:15:16-50
49            android:value="True" />
49-->src\main\AndroidManifest.xml:15:51-71
50        <meta-data
50-->src\main\AndroidManifest.xml:16:5-78
51            android:name="unity.launch-fullscreen"
51-->src\main\AndroidManifest.xml:16:16-54
52            android:value="True" />
52-->src\main\AndroidManifest.xml:16:55-75
53        <meta-data
53-->src\main\AndroidManifest.xml:17:5-84
54            android:name="unity.allow-resizable-window"
54-->src\main\AndroidManifest.xml:17:16-59
55            android:value="False" />
55-->src\main\AndroidManifest.xml:17:60-81
56        <meta-data
56-->src\main\AndroidManifest.xml:18:5-81
57            android:name="notch.config"
57-->src\main\AndroidManifest.xml:18:16-43
58            android:value="portrait|landscape" />
58-->src\main\AndroidManifest.xml:18:44-78
59        <meta-data
59-->src\main\AndroidManifest.xml:19:5-88
60            android:name="unityplayer.SkipPermissionsDialog"
60-->src\main\AndroidManifest.xml:19:16-64
61            android:value="true" />
61-->src\main\AndroidManifest.xml:19:65-85
62        <meta-data
62-->src\main\AndroidManifest.xml:20:5-77
63            android:name="com.google.ar.core"
63-->src\main\AndroidManifest.xml:20:16-49
64            android:value="required" />
64-->src\main\AndroidManifest.xml:20:50-74
65    </application>
66
67</manifest>